app/build/outputs/logs/manifest-merger-debug-report.txt
-- Merging decision tree log ---
manifest
ADDED from src/main/AndroidManifest.xml:2:1-53:12
INJECTED from src/main/AndroidManifest.xml:2:1-53:12
INJECTED from src/main/AndroidManifest.xml:2:1-53:12
INJECTED from src/main/AndroidManifest.xml:2:1-53:12
MERGED from [com.github.barteksc:android-pdf-viewer:2.8.2] AndroidManifest.xml:2:1-11:12
MERGED from [com.android.support:design:27.1.1] AndroidManifest.xml:17:1-22:12
MERGED from [com.android.support:recyclerview-v7:27.1.1] AndroidManifest.xml:17:1-22:12
MERGED from [com.github.barteksc:pdfium-android:1.7.1] AndroidManifest.xml:2:1-11:12
MERGED from [com.android.support:support-v4:27.1.1] AndroidManifest.xml:17:1-22:12
MERGED from [com.daimajia.swipelayout:library:1.2.0] AndroidManifest.xml:2:1-10:12
MERGED from [com.google.ar:core:1.3.0] AndroidManifest.xml:17:1-46:12
MERGED from [com.mikepenz:iconics-core:3.0.4] AndroidManifest.xml:2:1-11:12
MERGED from [com.android.support:appcompat-v7:27.1.1] AndroidManifest.xml:17:1-22:12
MERGED from [com.github.bumptech.glide:glide:4.6.1] AndroidManifest.xml:2:1-13:12
MERGED from [com.android.support.constraint:constraint-layout:1.1.2] AndroidManifest.xml:2:1-11:12
MERGED from [com.mikepenz:fontawesome-typeface:4.7.0.2] AndroidManifest.xml:2:1-12:12
MERGED from [com.github.bumptech.glide:gifdecoder:4.6.1] AndroidManifest.xml:2:1-11:12
MERGED from [com.android.support:support-fragment:27.1.1] AndroidManifest.xml:17:1-22:12
MERGED from [com.android.support:transition:27.1.1] AndroidManifest.xml:17:1-22:12
MERGED from [com.android.support:support-media-compat:27.1.1] AndroidManifest.xml:17:1-22:12
MERGED from [com.android.support:animated-vector-drawable:27.1.1] AndroidManifest.xml:17:1-22:12
MERGED from [com.android.support:support-vector-drawable:27.1.1] AndroidManifest.xml:17:1-22:12
MERGED from [com.android.support:support-core-ui:27.1.1] AndroidManifest.xml:17:1-22:12
MERGED from [com.android.support:support-core-utils:27.1.1] AndroidManifest.xml:17:1-22:12
MERGED from [com.android.support:support-compat:27.1.1] AndroidManifest.xml:17:1-22:12
MERGED from [android.arch.lifecycle:runtime:1.1.0] AndroidManifest.xml:17:1-22:12
MERGED from [android.arch.lifecycle:livedata-core:1.1.0] AndroidManifest.xml:17:1-22:12
MERGED from [android.arch.core:runtime:1.1.0] AndroidManifest.xml:17:1-22:12
MERGED from [android.arch.lifecycle:viewmodel:1.1.0] AndroidManifest.xml:17:1-22:12
INJECTED from src/main/AndroidManifest.xml:2:1-53:12
INJECTED from src/main/AndroidManifest.xml:2:1-53:12
INJECTED from src/main/AndroidManifest.xml:2:1-53:12
	package
		ADDED from src/main/AndroidManifest.xml:3:5-43
		INJECTED from src/main/AndroidManifest.xml
		INJECTED from src/main/AndroidManifest.xml
	android:versionName
		INJECTED from src/main/AndroidManifest.xml
		ADDED from src/main/AndroidManifest.xml:2:1-53:12
		INJECTED from src/main/AndroidManifest.xml
	android:versionCode
		INJECTED from src/main/AndroidManifest.xml
		ADDED from src/main/AndroidManifest.xml:2:1-53:12
		INJECTED from src/main/AndroidManifest.xml
	xmlns:android
		ADDED from src/main/AndroidManifest.xml:2:11-69
uses-permission#android.permission.CAMERA
ADDED from src/main/AndroidManifest.xml:5:5-65
	android:name
		ADDED from src/main/AndroidManifest.xml:5:22-62
uses-feature#android.hardware.camera.ar
ADDED from src/main/AndroidManifest.xml:7:5-9:35
	android:required
		ADDED from src/main/AndroidManifest.xml:9:9-32
	android:name
		ADDED from src/main/AndroidManifest.xml:8:9-50
application
ADDED from src/main/AndroidManifest.xml:11:5-51:19
MERGED from [com.google.ar:core:1.3.0] AndroidManifest.xml:30:5-44:19
MERGED from [com.google.ar:core:1.3.0] AndroidManifest.xml:30:5-44:19
MERGED from [com.github.bumptech.glide:glide:4.6.1] AndroidManifest.xml:11:5-20
MERGED from [com.github.bumptech.glide:glide:4.6.1] AndroidManifest.xml:11:5-20
MERGED from [com.android.support.constraint:constraint-layout:1.1.2] AndroidManifest.xml:9:5-20
MERGED from [com.android.support.constraint:constraint-layout:1.1.2] AndroidManifest.xml:9:5-20
MERGED from [com.github.bumptech.glide:gifdecoder:4.6.1] AndroidManifest.xml:9:5-20
MERGED from [com.github.bumptech.glide:gifdecoder:4.6.1] AndroidManifest.xml:9:5-20
	android:supportsRtl
		ADDED from src/main/AndroidManifest.xml:16:9-35
	android:label
		ADDED from src/main/AndroidManifest.xml:14:9-41
	android:roundIcon
		ADDED from src/main/AndroidManifest.xml:15:9-54
	android:icon
		ADDED from src/main/AndroidManifest.xml:13:9-43
	android:allowBackup
		ADDED from src/main/AndroidManifest.xml:12:9-35
	android:theme
		ADDED from src/main/AndroidManifest.xml:17:9-40
meta-data#com.google.ar.core
ADDED from src/main/AndroidManifest.xml:18:9-20:40
	android:value
		ADDED from src/main/AndroidManifest.xml:20:13-37
	android:name
		ADDED from src/main/AndroidManifest.xml:19:13-46
activity#com.example.rajadurai.group2.MainActivity
ADDED from src/main/AndroidManifest.xml:22:9-28:20
	android:name
		ADDED from src/main/AndroidManifest.xml:22:19-47
intent-filter#action:name:android.intent.action.MAIN+category:name:android.intent.category.LAUNCHER
ADDED from src/main/AndroidManifest.xml:23:13-27:29
action#android.intent.action.MAIN
ADDED from src/main/AndroidManifest.xml:24:17-69
	android:name
		ADDED from src/main/AndroidManifest.xml:24:25-66
category#android.intent.category.LAUNCHER
ADDED from src/main/AndroidManifest.xml:26:17-77
	android:name
		ADDED from src/main/AndroidManifest.xml:26:27-74
activity#com.example.rajadurai.group2.CameraActivity
ADDED from src/main/AndroidManifest.xml:29:9-52
	android:name
		ADDED from src/main/AndroidManifest.xml:29:19-49
activity#com.example.rajadurai.group2.HistoryActivity
ADDED from src/main/AndroidManifest.xml:30:9-53
	android:name
		ADDED from src/main/AndroidManifest.xml:30:19-50
activity#com.example.rajadurai.group2.HelpActivity
ADDED from src/main/AndroidManifest.xml:31:9-50
	android:name
		ADDED from src/main/AndroidManifest.xml:31:19-47
activity#com.example.rajadurai.group2.AboutActivity
ADDED from src/main/AndroidManifest.xml:32:9-35:47
	android:label
		ADDED from src/main/AndroidManifest.xml:34:13-57
	android:theme
		ADDED from src/main/AndroidManifest.xml:35:13-44
	android:name
		ADDED from src/main/AndroidManifest.xml:33:13-42
provider#android.support.v4.content.FileProvider
ADDED from src/main/AndroidManifest.xml:37:9-45:20
	android:grantUriPermissions
		ADDED from src/main/AndroidManifest.xml:41:13-47
	android:authorities
		ADDED from src/main/AndroidManifest.xml:39:13-63
	android:exported
		ADDED from src/main/AndroidManifest.xml:40:13-37
	android:name
		ADDED from src/main/AndroidManifest.xml:38:13-67
meta-data#android.support.FILE_PROVIDER_PATHS
ADDED from src/main/AndroidManifest.xml:42:13-44:58
	android:resource
		ADDED from src/main/AndroidManifest.xml:44:17-55
	android:name
		ADDED from src/main/AndroidManifest.xml:43:17-67
activity#com.example.rajadurai.group2.ViewPdfActivity
ADDED from src/main/AndroidManifest.xml:47:9-50:56
	android:label
		ADDED from src/main/AndroidManifest.xml:49:13-60
	android:theme
		ADDED from src/main/AndroidManifest.xml:50:13-44
	android:name
		ADDED from src/main/AndroidManifest.xml:48:13-44
uses-sdk
INJECTED from src/main/AndroidManifest.xml reason: use-sdk injection requested
INJECTED from src/main/AndroidManifest.xml
INJECTED from src/main/AndroidManifest.xml
MERGED from [com.github.barteksc:android-pdf-viewer:2.8.2] AndroidManifest.xml:7:5-9:41
MERGED from [com.github.barteksc:android-pdf-viewer:2.8.2] AndroidManifest.xml:7:5-9:41
MERGED from [com.android.support:design:27.1.1] AndroidManifest.xml:20:5-44
MERGED from [com.android.support:design:27.1.1] AndroidManifest.xml:20:5-44
MERGED from [com.android.support:recyclerview-v7:27.1.1] AndroidManifest.xml:20:5-44
MERGED from [com.android.support:recyclerview-v7:27.1.1] AndroidManifest.xml:20:5-44
MERGED from [com.github.barteksc:pdfium-android:1.7.1] AndroidManifest.xml:7:5-9:41
MERGED from [com.github.barteksc:pdfium-android:1.7.1] AndroidManifest.xml:7:5-9:41
MERGED from [com.android.support:support-v4:27.1.1] AndroidManifest.xml:20:5-44
MERGED from [com.android.support:support-v4:27.1.1] AndroidManifest.xml:20:5-44
MERGED from [com.daimajia.swipelayout:library:1.2.0] AndroidManifest.xml:6:5-8:41
MERGED from [com.daimajia.swipelayout:library:1.2.0] AndroidManifest.xml:6:5-8:41
MERGED from [com.google.ar:core:1.3.0] AndroidManifest.xml:26:5-28:41
MERGED from [com.google.ar:core:1.3.0] AndroidManifest.xml:26:5-28:41
MERGED from [com.mikepenz:iconics-core:3.0.4] AndroidManifest.xml:7:5-9:41
MERGED from [com.mikepenz:iconics-core:3.0.4] AndroidManifest.xml:7:5-9:41
MERGED from [com.android.support:appcompat-v7:27.1.1] AndroidManifest.xml:20:5-44
MERGED from [com.android.support:appcompat-v7:27.1.1] AndroidManifest.xml:20:5-44
MERGED from [com.github.bumptech.glide:glide:4.6.1] AndroidManifest.xml:7:5-9:41
MERGED from [com.github.bumptech.glide:glide:4.6.1] AndroidManifest.xml:7:5-9:41
MERGED from [com.android.support.constraint:constraint-layout:1.1.2] AndroidManifest.xml:5:5-7:41
MERGED from [com.android.support.constraint:constraint-layout:1.1.2] AndroidManifest.xml:5:5-7:41
MERGED from [com.mikepenz:fontawesome-typeface:4.7.0.2] AndroidManifest.xml:8:5-10:41
MERGED from [com.mikepenz:fontawesome-typeface:4.7.0.2] AndroidManifest.xml:8:5-10:41
MERGED from [com.github.bumptech.glide:gifdecoder:4.6.1] AndroidManifest.xml:5:5-7:41
MERGED from [com.github.bumptech.glide:gifdecoder:4.6.1] AndroidManifest.xml:5:5-7:41
MERGED from [com.android.support:support-fragment:27.1.1] AndroidManifest.xml:20:5-44
MERGED from [com.android.support:support-fragment:27.1.1] AndroidManifest.xml:20:5-44
MERGED from [com.android.support:transition:27.1.1] AndroidManifest.xml:20:5-44
MERGED from [com.android.support:transition:27.1.1] AndroidManifest.xml:20:5-44
MERGED from [com.android.support:support-media-compat:27.1.1] AndroidManifest.xml:20:5-44
MERGED from [com.android.support:support-media-compat:27.1.1] AndroidManifest.xml:20:5-44
MERGED from [com.android.support:animated-vector-drawable:27.1.1] AndroidManifest.xml:20:5-44
MERGED from [com.android.support:animated-vector-drawable:27.1.1] AndroidManifest.xml:20:5-44
MERGED from [com.android.support:support-vector-drawable:27.1.1] AndroidManifest.xml:20:5-44
MERGED from [com.android.support:support-vector-drawable:27.1.1] AndroidManifest.xml:20:5-44
MERGED from [com.android.support:support-core-ui:27.1.1] AndroidManifest.xml:20:5-44
MERGED from [com.android.support:support-core-ui:27.1.1] AndroidManifest.xml:20:5-44
MERGED from [com.android.support:support-core-utils:27.1.1] AndroidManifest.xml:20:5-44
MERGED from [com.android.support:support-core-utils:27.1.1] AndroidManifest.xml:20:5-44
MERGED from [com.android.support:support-compat:27.1.1] AndroidManifest.xml:20:5-44
MERGED from [com.android.support:support-compat:27.1.1] AndroidManifest.xml:20:5-44
MERGED from [android.arch.lifecycle:runtime:1.1.0] AndroidManifest.xml:20:5-44
MERGED from [android.arch.lifecycle:runtime:1.1.0] AndroidManifest.xml:20:5-44
MERGED from [android.arch.lifecycle:livedata-core:1.1.0] AndroidManifest.xml:20:5-44
MERGED from [android.arch.lifecycle:livedata-core:1.1.0] AndroidManifest.xml:20:5-44
MERGED from [android.arch.core:runtime:1.1.0] AndroidManifest.xml:20:5-44
MERGED from [android.arch.core:runtime:1.1.0] AndroidManifest.xml:20:5-44
MERGED from [android.arch.lifecycle:viewmodel:1.1.0] AndroidManifest.xml:20:5-44
MERGED from [android.arch.lifecycle:viewmodel:1.1.0] AndroidManifest.xml:20:5-44
INJECTED from src/main/AndroidManifest.xml
INJECTED from src/main/AndroidManifest.xml
	android:targetSdkVersion
		INJECTED from src/main/AndroidManifest.xml
		ADDED from src/main/AndroidManifest.xml
		INJECTED from src/main/AndroidManifest.xml
	android:minSdkVersion
		INJECTED from src/main/AndroidManifest.xml
		ADDED from src/main/AndroidManifest.xml
		INJECTED from src/main/AndroidManifest.xml
activity#com.google.ar.core.InstallActivity
ADDED from [com.google.ar:core:1.3.0] AndroidManifest.xml:33:9-39:80
	android:excludeFromRecents
		ADDED from [com.google.ar:core:1.3.0] AndroidManifest.xml:36:13-46
	android:launchMode
		ADDED from [com.google.ar:core:1.3.0] AndroidManifest.xml:38:13-43
	android:exported
		ADDED from [com.google.ar:core:1.3.0] AndroidManifest.xml:37:13-37
	android:configChanges
		ADDED from [com.google.ar:core:1.3.0] AndroidManifest.xml:35:13-74
	android:theme
		ADDED from [com.google.ar:core:1.3.0] AndroidManifest.xml:39:13-77
	android:name
		ADDED from [com.google.ar:core:1.3.0] AndroidManifest.xml:34:13-62
meta-data#com.google.ar.core.min_apk_version
ADDED from [com.google.ar:core:1.3.0] AndroidManifest.xml:41:9-43:41
	android:value
		ADDED from [com.google.ar:core:1.3.0] AndroidManifest.xml:43:13-38
	android:name
		ADDED from [com.google.ar:core:1.3.0] AndroidManifest.xml:42:13-62